<?xml version="1.0" encoding="UTF-8"?>
<!-- Generated by org.testng.reporters.JUnitXMLReporter -->
<testsuite hostname="C02Q4K0BG8WP.local" name="Flight Booking Portal" tests="3" failures="0" timestamp="17 Feb 2019 06:46:30 GMT" time="72.756" errors="0">
  <testcase name="login" time="60.661" classname="com.dazzler.booking.FlightBooking"/>
  <testcase name="travel" time="6.656" classname="com.dazzler.booking.FlightBooking"/>
  <testcase name="travelagain" time="5.425" classname="com.dazzler.booking.FlightBooking"/>
</testsuite> <!-- Flight Booking Portal -->
