<?xml version="1.0" encoding="UTF-8"?>
<!-- Generated by org.testng.reporters.JUnitXMLReporter -->
<testsuite hostname="C02Q4K0BG8WP.local" name="Default test" tests="2" failures="0" timestamp="16 Feb 2019 18:05:57 GMT" time="0.011" errors="0">
  <testcase name="@BeforeSuite init" time="0.0" classname="com.dazzler.booking.FlightBooking">
    <failure type="java.lang.Error" message="Unresolved compilation problem: 
	Implicit super constructor BookLocator() is undefined. Must explicitly invoke another constructor
">
      <![CDATA[java.lang.Error: Unresolved compilation problem: 
	Implicit super constructor BookLocator() is undefined. Must explicitly invoke another constructor

	at com.dazzler.Pages.Book.<init>(Book.java:13)
	at com.dazzler.booking.FlightBooking.init(FlightBooking.java:55)
	at sun.reflect.NativeMethodAccessorImpl.invoke0(Native Method)
	at sun.reflect.NativeMethodAccessorImpl.invoke(NativeMethodAccessorImpl.java:62)
	at sun.reflect.DelegatingMethodAccessorImpl.invoke(DelegatingMethodAccessorImpl.java:43)
	at java.lang.reflect.Method.invoke(Method.java:498)
	at org.testng.internal.MethodInvocationHelper.invokeMethod(MethodInvocationHelper.java:80)
	at org.testng.internal.Invoker.invokeConfigurationMethod(Invoker.java:564)
	at org.testng.internal.Invoker.invokeConfigurations(Invoker.java:213)
	at org.testng.internal.Invoker.invokeConfigurations(Invoker.java:138)
	at org.testng.SuiteRunner.privateRun(SuiteRunner.java:277)
	at org.testng.SuiteRunner.run(SuiteRunner.java:240)
	at org.testng.SuiteRunnerWorker.runSuite(SuiteRunnerWorker.java:52)
	at org.testng.SuiteRunnerWorker.run(SuiteRunnerWorker.java:86)
	at org.testng.TestNG.runSuitesSequentially(TestNG.java:1198)
	at org.testng.TestNG.runSuitesLocally(TestNG.java:1123)
	at org.testng.TestNG.run(TestNG.java:1031)
	at org.testng.remote.AbstractRemoteTestNG.run(AbstractRemoteTestNG.java:114)
	at org.testng.remote.RemoteTestNG.initAndRun(RemoteTestNG.java:251)
	at org.testng.remote.RemoteTestNG.main(RemoteTestNG.java:77)
]]>
    </failure>
  </testcase> <!-- @BeforeSuite init -->
  <testcase name="@BeforeClass login" time="0.0" classname="com.dazzler.booking.FlightBooking">
    <skipped/>
  </testcase> <!-- @BeforeClass login -->
  <testcase name="travel" time="0.001" classname="com.dazzler.booking.FlightBooking">
    <skipped/>
  </testcase> <!-- travel -->
  <testcase name="travelagain" time="0.001" classname="com.dazzler.booking.FlightBooking">
    <skipped/>
  </testcase> <!-- travelagain -->
</testsuite> <!-- Default test -->
